Arguments: 
  /usr/local/bin/node /usr/local/bin/yarn add express

PATH: 
  /Users/Shared/DBngin/mysql/8.0.19/bin:/usr/local/bin:/usr/bin:/bin:/usr/sbin:/sbin:/usr/local/go/bin:/Library/Apple/usr/bin:/Users/Shared/DBngin/mysql/8.0.19/bin:/Users/miraclenwabueze/flutter/bin:/Users/miraclenwabueze/.composer/vendor/bin:/Users/miraclenwabueze/flutter/bin:/Users/miraclenwabueze/.composer/vendor/bin:/usr/local/sbin

Yarn version: 
  1.17.3

Node version: 
  12.21.0

Platform: 
  darwin x64

Trace: 
  SyntaxError: /Users/miraclenwabueze/Documents/software-project/person/rabbit-mq/server-app/package.json: Unexpected end of JSON input
      at JSON.parse (<anonymous>)
      at /usr/local/lib/node_modules/yarn/lib/cli.js:1625:59
      at Generator.next (<anonymous>)
      at step (/usr/local/lib/node_modules/yarn/lib/cli.js:304:30)
      at /usr/local/lib/node_modules/yarn/lib/cli.js:315:13

npm manifest: 
  

yarn manifest: 
  No manifest

Lockfile: 
  
